0 info it worked if it ends with ok
1 verbose cli [ '/usr/local/Cellar/node/7.4.0/bin/node',
1 verbose cli   '/usr/local/bin/npm',
1 verbose cli   'run',
1 verbose cli   'lint-fix' ]
2 info using npm@4.0.5
3 info using node@v7.4.0
4 verbose run-script [ 'prelint-fix', 'lint-fix', 'postlint-fix' ]
5 info lifecycle learn-to-debug@~prelint-fix: learn-to-debug@
6 silly lifecycle learn-to-debug@~prelint-fix: no script for prelint-fix, continuing
7 info lifecycle learn-to-debug@~lint-fix: learn-to-debug@
8 verbose lifecycle learn-to-debug@~lint-fix: unsafe-perm in lifecycle true
9 verbose lifecycle learn-to-debug@~lint-fix: PATH: /usr/local/lib/node_modules/npm/bin/node-gyp-bin:/Users/emmamcmillan/Documents/Uni/700/onlineDebugger/node_modules/.bin:/usr/local/bin:/usr/local/bin:/usr/bin:/bin:/usr/sbin:/sbin:/usr/local/share/dotnet:/usr/local/git/bin:/Library/TeX/texbin:/Development/android-sdk-macosx/platform-tools:/Development/android-sdk-macosx/tools:/usr/local/Cellar/node/7.4.0/bin
10 verbose lifecycle learn-to-debug@~lint-fix: CWD: /Users/emmamcmillan/Documents/Uni/700/onlineDebugger
11 silly lifecycle learn-to-debug@~lint-fix: Args: [ '-c', 'eslint --fix .' ]
12 silly lifecycle learn-to-debug@~lint-fix: Returned: code: 1  signal: null
13 info lifecycle learn-to-debug@~lint-fix: Failed to exec lint-fix script
14 verbose stack Error: learn-to-debug@ lint-fix: `eslint --fix .`
14 verbose stack Exit status 1
14 verbose stack     at EventEmitter.<anonymous> (/usr/local/lib/node_modules/npm/lib/utils/lifecycle.js:279:16)
14 verbose stack     at emitTwo (events.js:106:13)
14 verbose stack     at EventEmitter.emit (events.js:191:7)
14 verbose stack     at ChildProcess.<anonymous> (/usr/local/lib/node_modules/npm/lib/utils/spawn.js:40:14)
14 verbose stack     at emitTwo (events.js:106:13)
14 verbose stack     at ChildProcess.emit (events.js:191:7)
14 verbose stack     at maybeClose (internal/child_process.js:885:16)
14 verbose stack     at Process.ChildProcess._handle.onexit (internal/child_process.js:226:5)
15 verbose pkgid learn-to-debug@
16 verbose cwd /Users/emmamcmillan/Documents/Uni/700/onlineDebugger
17 error Darwin 16.6.0
18 error argv "/usr/local/Cellar/node/7.4.0/bin/node" "/usr/local/bin/npm" "run" "lint-fix"
19 error node v7.4.0
20 error npm  v4.0.5
21 error code ELIFECYCLE
22 error learn-to-debug@ lint-fix: `eslint --fix .`
22 error Exit status 1
23 error Failed at the learn-to-debug@ lint-fix script 'eslint --fix .'.
23 error Make sure you have the latest version of node.js and npm installed.
23 error If you do, this is most likely a problem with the learn-to-debug package,
23 error not with npm itself.
23 error Tell the author that this fails on your system:
23 error     eslint --fix .
23 error You can get information on how to open an issue for this project with:
23 error     npm bugs learn-to-debug
23 error Or if that isn't available, you can get their info via:
23 error     npm owner ls learn-to-debug
23 error There is likely additional logging output above.
24 verbose exit [ 1, true ]
